#
# A fatal error has been detected by the Java Runtime Environment:
#
#  SIGSEGV (0xb) at pc=0x000000010b555db5, pid=45645, tid=0x0000000000002803
#
# JRE version: OpenJDK Runtime Environment (8.0_112-b05) (build 1.8.0_112-release-b05)
# Java VM: OpenJDK 64-Bit Server VM (25.112-b05 mixed mode bsd-amd64 compressed oops)
# Problematic frame:
# V  [libjvm.dylib+0x155db5]
#
# Failed to write core dump. Core dumps have been disabled. To enable core dumping, try "ulimit -c unlimited" before starting Java again
#
# If you would like to submit a bug report, please visit:
#   http://bugreport.java.com/bugreport/crash.jsp
#

---------------  T H R E A D  ---------------

Current thread (0x00007fc2ae00e000):  GCTaskThread [stack: 0x0000700005abe000,0x0000700005bbe000] [id=10243]

siginfo: si_signo: 11 (SIGSEGV), si_code: 1 (SEGV_MAPERR), si_addr: 0x0000000000000118

Registers:
RAX=0x0000000000000000, RBX=0x0000000760148bb8, RCX=0x000000010bc8c203, RDX=0x0000000760148bb8
RSP=0x0000700005bbdcd0, RBP=0x0000700005bbdd80, RSI=0x00007fc2af016180, RDI=0x00000007c0011928
R8 =0x000000010bc8c250, R9 =0x00000007a49f8040, R10=0x00000007a4a00040, R11=0x0000000003b397d8
R12=0x000000010c2b6a60, R13=0x000000076014c000, R14=0x000000010c2b6a84, R15=0x0000000000000240
RIP=0x000000010b555db5, EFLAGS=0x0000000000010213, ERR=0x0000000000000004
  TRAPNO=0x000000000000000e

Top of Stack: (sp=0x0000700005bbdcd0)
0x0000700005bbdcd0:   0000000000000000 0000000000000200
0x0000700005bbdce0:   fffffffef3d475da 0000000000000000
0x0000700005bbdcf0:   000000010c2b8a24 00000001087b6000
0x0000700005bbdd00:   000000010c2b8a25 0000000003b00a00
0x0000700005bbdd10:   fffffffef3d4957f 0000000003b02a25
0x0000700005bbdd20:   000000010c2b6a83 000000010c2b6a01
0x0000700005bbdd30:   00000007605448b8 00000007601506a8
0x0000700005bbdd40:   00007fc2ad50c3c0 00007fc2af016180
0x0000700005bbdd50:   00007fc2ad50c150 00007fc2ad405840
0x0000700005bbdd60:   0000000000000000 000000010b9db9bd
0x0000700005bbdd70:   00007fc2af016180 0000000000000001
0x0000700005bbdd80:   0000700005bbddb0 000000010b89b00f
0x0000700005bbdd90:   00007fc200000004 00007fc2ad50f320
0x0000700005bbdda0:   00007fc2ae00e000 00007fc2ad405840
0x0000700005bbddb0:   0000700005bbde90 000000010b66dc37
0x0000700005bbddc0:   0000700005bbddf0 00007fc2ad702420
0x0000700005bbddd0:   00007fc2ad702450 00007fc2ad702460
0x0000700005bbdde0:   00007fc2ad702838 00000000000003d8
0x0000700005bbddf0:   00007fc2ae00e000 00007fc2ad702840
0x0000700005bbde00:   00007fc2ad702880 00007fc2ad702890
0x0000700005bbde10:   00007fc2ad702968 00000000000000d8
0x0000700005bbde20:   0000700005bbde30 0000000000000000
0x0000700005bbde30:   00007fc2ae00e000 00007fc2ad702840
0x0000700005bbde40:   00007fc2ad702880 00007fc2ad702890
0x0000700005bbde50:   00007fc2ad702968 00000000000000d8
0x0000700005bbde60:   00007fc2ad702a80 00007fc2ae00e000
0x0000700005bbde70:   00000000002c91f5 0000000000002803
0x0000700005bbde80:   00007fc2ad703340 00007fc2ad7033b0
0x0000700005bbde90:   0000700005bbdef0 000000010b85bf0a
0x0000700005bbdea0:   0000000000000000 00007fc2ad7033b0
0x0000700005bbdeb0:   0000000600000000 00000000002c91f5
0x0000700005bbdec0:   0000700005bbe0e0 0000700005bbe180 

Instructions: (pc=0x000000010b555db5)
0x000000010b555d95:   08 48 d3 e7 48 03 38 eb 04 48 8b 7b 08 81 7f 08
0x000000010b555da5:   ff ff ff bf 77 10 48 8b 07 48 8b 75 c8 48 89 da
0x000000010b555db5:   ff 90 18 01 00 00 48 89 df e8 39 f2 04 00 48 63
0x000000010b555dc5:   c0 48 8d 1c c3 4c 39 eb 72 a9 48 8b 7d c8 e8 2e 

Register to memory mapping:

RAX=0x0000000000000000 is an unknown value
RBX=
[error occurred during error reporting (printing register info), id 0xb]

Stack: [0x0000700005abe000,0x0000700005bbe000],  sp=0x0000700005bbdcd0,  free space=1023k
Native frames: (J=compiled Java code, j=interpreted, Vv=VM code, C=native code)
V  [libjvm.dylib+0x155db5]
V  [libjvm.dylib+0x49b00f]
V  [libjvm.dylib+0x26dc37]
V  [libjvm.dylib+0x45bf0a]
C  [libsystem_pthread.dylib+0x3aab]  _pthread_body+0xb4
C  [libsystem_pthread.dylib+0x39f7]  _pthread_body+0x0
C  [libsystem_pthread.dylib+0x31fd]  thread_start+0xd


---------------  P R O C E S S  ---------------

Java Threads: ( => current thread )
  0x00007fc2ae954800 JavaThread "Stdin handler" [_thread_blocked, id=23299, stack(0x0000700006d77000,0x0000700006e77000)]
  0x00007fc2adec0000 JavaThread "Asynchronous log dispatcher for org.gradle.launcher.daemon.server.DefaultDaemonConnection@749fb930" [_thread_blocked, id=22787, stack(0x0000700006c74000,0x0000700006d74000)]
  0x00007fc2adebf000 JavaThread "Daemon worker" [_thread_blocked, id=22275, stack(0x0000700006b71000,0x0000700006c71000)]
  0x00007fc2adebd800 JavaThread "Cancel handler" [_thread_blocked, id=21763, stack(0x0000700006a6e000,0x0000700006b6e000)]
  0x00007fc2ade7d800 JavaThread "Handler for socket connection from /127.0.0.1:50731 to /127.0.0.1:50732" [_thread_in_native, id=21251, stack(0x000070000696b000,0x0000700006a6b000)]
  0x00007fc2ade7c800 JavaThread "Daemon" [_thread_blocked, id=20739, stack(0x0000700006868000,0x0000700006968000)]
  0x00007fc2ade7a000 JavaThread "pool-1-thread-1" [_thread_blocked, id=20227, stack(0x0000700006765000,0x0000700006865000)]
  0x00007fc2ae1ea000 JavaThread "Incoming local TCP Connector on port 50731" [_thread_in_native, id=19715, stack(0x0000700006662000,0x0000700006762000)]
  0x00007fc2ad850000 JavaThread "Service Thread" daemon [_thread_blocked, id=18691, stack(0x000070000645c000,0x000070000655c000)]
  0x00007fc2ae807800 JavaThread "C1 CompilerThread2" daemon [_thread_blocked, id=18179, stack(0x0000700006359000,0x0000700006459000)]
  0x00007fc2ae806800 JavaThread "C2 CompilerThread1" daemon [_thread_in_native, id=17667, stack(0x0000700006256000,0x0000700006356000)]
  0x00007fc2af020800 JavaThread "C2 CompilerThread0" daemon [_thread_in_native, id=17155, stack(0x0000700006153000,0x0000700006253000)]
  0x00007fc2af020000 JavaThread "Signal Dispatcher" daemon [_thread_blocked, id=16643, stack(0x0000700006050000,0x0000700006150000)]
  0x00007fc2af01e800 JavaThread "Finalizer" daemon [_thread_blocked, id=12291, stack(0x0000700005eca000,0x0000700005fca000)]
  0x00007fc2ad849800 JavaThread "Reference Handler" daemon [_thread_blocked, id=11779, stack(0x0000700005dc7000,0x0000700005ec7000)]
  0x00007fc2af005800 JavaThread "main" [_thread_blocked, id=6915, stack(0x00007000057b5000,0x00007000058b5000)]

Other Threads:
  0x00007fc2ad802800 VMThread [stack: 0x0000700005cc4000,0x0000700005dc4000] [id=11267]
  0x00007fc2af02a000 WatcherThread [stack: 0x000070000655f000,0x000070000665f000] [id=19203]

=>0x00007fc2ae00e000 (exited) GCTaskThread [stack: 0x0000700005abe000,0x0000700005bbe000] [id=10243]

VM state:at safepoint (normal execution)

VM Mutex/Monitor currently owned by a thread:  ([mutex/lock_event])
[0x00007fc2ad508b10] Threads_lock - owner thread: 0x00007fc2ad802800
[0x00007fc2ad509010] Heap_lock - owner thread: 0x00007fc2adebf000

Heap:
 PSYoungGen      total 38400K, used 28373K [0x00000007a0000000, 0x00000007a4b00000, 0x00000007c0000000)
  eden space 33280K, 69% used [0x00000007a0000000,0x00000007a16b9670,0x00000007a2080000)
  from space 5120K, 99% used [0x00000007a2080000,0x00000007a257c010,0x00000007a2580000)
  to   space 5120K, 99% used [0x00000007a4600000,0x00000007a4af8040,0x00000007a4b00000)
 ParOldGen       total 87552K, used 6506K [0x0000000760000000, 0x0000000765580000, 0x00000007a0000000)
  object space 87552K, 7% used [0x0000000760000000,0x000000076065a8d8,0x0000000765580000)
 Metaspace       used 20748K, capacity 21128K, committed 21296K, reserved 1067008K
  class space    used 2744K, capacity 2881K, committed 2944K, reserved 1048576K

Card table byte_map: [0x000000010c2b6000,0x000000010c5b7000] byte_map_base: 0x00000001087b6000

Marking Bits: (ParMarkBitMap*) 0x000000010bc8bed0
 Begin Bits: [0x000000010c7b7000, 0x000000010dfb7000)
 End Bits:   [0x000000010dfb7000, 0x000000010f7b7000)

Polling page: 0x000000010aad1000

CodeCache: size=245760Kb used=6314Kb max_used=6314Kb free=239445Kb
 bounds [0x0000000118c1f000, 0x000000011924f000, 0x0000000127c1f000]
 total_blobs=2272 nmethods=1664 adapters=522
 compilation: enabled

Compilation events (10 events):
Event: 4.550 Thread 0x00007fc2ae807800 1678       2       java.util.TreeMap::colorOf (13 bytes)
Event: 4.550 Thread 0x00007fc2ae807800 nmethod 1678 0x0000000119249950 code [0x0000000119249aa0, 0x0000000119249bf0]
Event: 4.554 Thread 0x00007fc2ae807800 1680       1       java.util.logging.Logger::getName (5 bytes)
Event: 4.554 Thread 0x00007fc2ae807800 nmethod 1680 0x0000000119249c90 code [0x0000000119249de0, 0x0000000119249ef0]
Event: 4.566 Thread 0x00007fc2ae807800 1681       2       com.google.common.collect.ImmutableMapEntry$TerminalEntry::<init> (7 bytes)
Event: 4.567 Thread 0x00007fc2ae807800 nmethod 1681 0x0000000119249f50 code [0x000000011924a0c0, 0x000000011924a268]
Event: 4.567 Thread 0x00007fc2ae807800 1682       2       com.google.common.collect.ImmutableMapEntry::<init> (12 bytes)
Event: 4.567 Thread 0x00007fc2ae807800 nmethod 1682 0x000000011924a310 code [0x000000011924a480, 0x000000011924a628]
Event: 4.571 Thread 0x00007fc2ae807800 1684       1       java.lang.Class::getAnnotationType (5 bytes)
Event: 4.571 Thread 0x00007fc2ae807800 nmethod 1684 0x000000011924a6d0 code [0x000000011924a820, 0x000000011924a930]

GC Heap History (7 events):
Event: 1.598 GC heap before
{Heap before GC invocations=1 (full 0):
 PSYoungGen      total 38400K, used 33280K [0x00000007a0000000, 0x00000007a2a80000, 0x00000007c0000000)
  eden space 33280K, 100% used [0x00000007a0000000,0x00000007a2080000,0x00000007a2080000)
  from space 5120K, 0% used [0x00000007a2580000,0x00000007a2580000,0x00000007a2a80000)
  to   space 5120K, 0% used [0x00000007a2080000,0x00000007a2080000,0x00000007a2580000)
 ParOldGen       total 87552K, used 0K [0x0000000760000000, 0x0000000765580000, 0x00000007a0000000)
  object space 87552K, 0% used [0x0000000760000000,0x0000000760000000,0x0000000765580000)
 Metaspace       used 6197K, capacity 6522K, committed 6784K, reserved 1056768K
  class space    used 792K, capacity 834K, committed 896K, reserved 1048576K
Event: 1.608 GC heap after
Heap after GC invocations=1 (full 0):
 PSYoungGen      total 38400K, used 4173K [0x00000007a0000000, 0x00000007a2a80000, 0x00000007c0000000)
  eden space 33280K, 0% used [0x00000007a0000000,0x00000007a0000000,0x00000007a2080000)
  from space 5120K, 81% used [0x00000007a2080000,0x00000007a2493778,0x00000007a2580000)
  to   space 5120K, 0% used [0x00000007a2580000,0x00000007a2580000,0x00000007a2a80000)
 ParOldGen       total 87552K, used 8K [0x0000000760000000, 0x0000000765580000, 0x00000007a0000000)
  object space 87552K, 0% used [0x0000000760000000,0x0000000760002000,0x0000000765580000)
 Metaspace       used 6197K, capacity 6522K, committed 6784K, reserved 1056768K
  class space    used 792K, capacity 834K, committed 896K, reserved 1048576K
}
Event: 2.793 GC heap before
{Heap before GC invocations=2 (full 0):
 PSYoungGen      total 38400K, used 37453K [0x00000007a0000000, 0x00000007a2a80000, 0x00000007c0000000)
  eden space 33280K, 100% used [0x00000007a0000000,0x00000007a2080000,0x00000007a2080000)
  from space 5120K, 81% used [0x00000007a2080000,0x00000007a2493778,0x00000007a2580000)
  to   space 5120K, 0% used [0x00000007a2580000,0x00000007a2580000,0x00000007a2a80000)
 ParOldGen       total 87552K, used 8K [0x0000000760000000, 0x0000000765580000, 0x00000007a0000000)
  object space 87552K, 0% used [0x0000000760000000,0x0000000760002000,0x0000000765580000)
 Metaspace       used 12520K, capacity 12832K, committed 13184K, reserved 1060864K
  class space    used 1692K, capacity 1810K, committed 1920K, reserved 1048576K
Event: 2.806 GC heap after
Heap after GC invocations=2 (full 0):
 PSYoungGen      total 38400K, used 5099K [0x00000007a0000000, 0x00000007a2a80000, 0x00000007c0000000)
  eden space 33280K, 0% used [0x00000007a0000000,0x00000007a0000000,0x00000007a2080000)
  from space 5120K, 99% used [0x00000007a2580000,0x00000007a2a7ade8,0x00000007a2a80000)
  to   space 5120K, 0% used [0x00000007a2080000,0x00000007a2080000,0x00000007a2580000)
 ParOldGen       total 87552K, used 1218K [0x0000000760000000, 0x0000000765580000, 0x00000007a0000000)
  object space 87552K, 1% used [0x0000000760000000,0x0000000760130b50,0x0000000765580000)
 Metaspace       used 12520K, capacity 12832K, committed 13184K, reserved 1060864K
  class space    used 1692K, capacity 1810K, committed 1920K, reserved 1048576K
}
Event: 3.872 GC heap before
{Heap before GC invocations=3 (full 0):
 PSYoungGen      total 38400K, used 38379K [0x00000007a0000000, 0x00000007a2a80000, 0x00000007c0000000)
  eden space 33280K, 100% used [0x00000007a0000000,0x00000007a2080000,0x00000007a2080000)
  from space 5120K, 99% used [0x00000007a2580000,0x00000007a2a7ade8,0x00000007a2a80000)
  to   space 5120K, 0% used [0x00000007a2080000,0x00000007a2080000,0x00000007a2580000)
 ParOldGen       total 87552K, used 1218K [0x0000000760000000, 0x0000000765580000, 0x00000007a0000000)
  object space 87552K, 1% used [0x0000000760000000,0x0000000760130b50,0x0000000765580000)
 Metaspace       used 18293K, capacity 18692K, committed 19072K, reserved 1064960K
  class space    used 2451K, capacity 2586K, committed 2688K, reserved 1048576K
Event: 3.889 GC heap after
Heap after GC invocations=3 (full 0):
 PSYoungGen      total 38400K, used 5104K [0x00000007a0000000, 0x00000007a4b00000, 0x00000007c0000000)
  eden space 33280K, 0% used [0x00000007a0000000,0x00000007a0000000,0x00000007a2080000)
  from space 5120K, 99% used [0x00000007a2080000,0x00000007a257c010,0x00000007a2580000)
  to   space 5120K, 0% used [0x00000007a4600000,0x00000007a4600000,0x00000007a4b00000)
 ParOldGen       total 87552K, used 5394K [0x0000000760000000, 0x0000000765580000, 0x00000007a0000000)
  object space 87552K, 6% used [0x0000000760000000,0x00000007605448b8,0x0000000765580000)
 Metaspace       used 18293K, capacity 18692K, committed 19072K, reserved 1064960K
  class space    used 2451K, capacity 2586K, committed 2688K, reserved 1048576K
}
Event: 4.590 GC heap before
{Heap before GC invocations=4 (full 0):
 PSYoungGen      total 38400K, used 28373K [0x00000007a0000000, 0x00000007a4b00000, 0x00000007c0000000)
  eden space 33280K, 69% used [0x00000007a0000000,0x00000007a16b9670,0x00000007a2080000)
  from space 5120K, 99% used [0x00000007a2080000,0x00000007a257c010,0x00000007a2580000)
  to   space 5120K, 0% used [0x00000007a4600000,0x00000007a4600000,0x00000007a4b00000)
 ParOldGen       total 87552K, used 5394K [0x0000000760000000, 0x0000000765580000, 0x00000007a0000000)
  object space 87552K, 6% used [0x0000000760000000,0x00000007605448b8,0x0000000765580000)
 Metaspace       used 20748K, capacity 21128K, committed 21296K, reserved 1067008K
  class space    used 2744K, capacity 2881K, committed 2944K, reserved 1048576K

Deoptimization events (10 events):
Event: 3.786 Thread 0x00007fc2adebf000 Uncommon trap: reason=bimorphic action=maybe_recompile pc=0x0000000118ff2350 method=java.lang.ClassLoader.loadClass(Ljava/lang/String;Z)Ljava/lang/Class; @ 38
Event: 3.823 Thread 0x00007fc2adebf000 Uncommon trap: reason=class_check action=maybe_recompile pc=0x0000000118fea480 method=sun.misc.URLClassPath.getLoader(I)Lsun/misc/URLClassPath$Loader; @ 193
Event: 3.835 Thread 0x00007fc2adebf000 Uncommon trap: reason=class_check action=maybe_recompile pc=0x0000000118fea480 method=sun.misc.URLClassPath.getLoader(I)Lsun/misc/URLClassPath$Loader; @ 193
Event: 3.854 Thread 0x00007fc2adebf000 Uncommon trap: reason=class_check action=maybe_recompile pc=0x0000000118fea480 method=sun.misc.URLClassPath.getLoader(I)Lsun/misc/URLClassPath$Loader; @ 193
Event: 4.233 Thread 0x00007fc2adebf000 Uncommon trap: reason=unstable_if action=reinterpret pc=0x000000011909b678 method=java.util.HashMap.hash(Ljava/lang/Object;)I @ 1
Event: 4.437 Thread 0x00007fc2adebf000 Uncommon trap: reason=unstable_if action=reinterpret pc=0x000000011909686c method=java.util.HashMap.getNode(ILjava/lang/Object;)Ljava/util/HashMap$Node; @ 53
Event: 4.437 Thread 0x00007fc2adebf000 Uncommon trap: reason=unstable_if action=reinterpret pc=0x0000000118fd45b4 method=java.util.HashMap.hash(Ljava/lang/Object;)I @ 1
Event: 4.437 Thread 0x00007fc2adebf000 Uncommon trap: reason=unstable_if action=reinterpret pc=0x0000000118fd37b8 method=java.util.HashMap.putVal(ILjava/lang/Object;Ljava/lang/Object;ZZ)Ljava/lang/Object; @ 85
Event: 4.496 Thread 0x00007fc2adebf000 Uncommon trap: reason=class_check action=maybe_recompile pc=0x00000001190241cc method=java.lang.reflect.Method.equals(Ljava/lang/Object;)Z @ 5
Event: 4.503 Thread 0x00007fc2adebf000 Uncommon trap: reason=class_check action=maybe_recompile pc=0x00000001190241cc method=java.lang.reflect.Method.equals(Ljava/lang/Object;)Z @ 5

Internal exceptions (10 events):
Event: 4.072 Thread 0x00007fc2adebf000 Exception <a 'java/lang/ClassNotFoundException': org/gradle/initialization/SettingsScriptCustomizer> (0x00000007a073f988) thrown at [/Volumes/Android_AOSP/AOSP-openjdk/external/jetbrains/jdk/hotspot/src/share/vm/classfile/systemDictionary.cpp, line 210]
Event: 4.076 Thread 0x00007fc2adebf000 Exception <a 'java/lang/ClassNotFoundException': settings_44fgsy22uanx2jzzp8lggq6usCustomizer> (0x00000007a0750c90) thrown at [/Volumes/Android_AOSP/AOSP-openjdk/external/jetbrains/jdk/hotspot/src/share/vm/classfile/systemDictionary.cpp, line 210]
Event: 4.087 Thread 0x00007fc2adebf000 Exception <a 'java/lang/ClassNotFoundException': org/gradle/initialization/DefaultSettings_DecoratedBeanInfo> (0x00000007a07bac80) thrown at [/Volumes/Android_AOSP/AOSP-openjdk/external/jetbrains/jdk/hotspot/src/share/vm/classfile/systemDictionary.cpp, li
Event: 4.088 Thread 0x00007fc2adebf000 Exception <a 'java/lang/ClassNotFoundException': org/gradle/initialization/DefaultSettingsBeanInfo> (0x00000007a07d7640) thrown at [/Volumes/Android_AOSP/AOSP-openjdk/external/jetbrains/jdk/hotspot/src/share/vm/classfile/systemDictionary.cpp, line 210]
Event: 4.089 Thread 0x00007fc2adebf000 Exception <a 'java/lang/ClassNotFoundException': org/gradle/initialization/BaseSettingsBeanInfo> (0x00000007a07f3068) thrown at [/Volumes/Android_AOSP/AOSP-openjdk/external/jetbrains/jdk/hotspot/src/share/vm/classfile/systemDictionary.cpp, line 210]
Event: 4.089 Thread 0x00007fc2adebf000 Exception <a 'java/lang/ClassNotFoundException': org/gradle/initialization/BaseSettingsCustomizer> (0x00000007a080f990) thrown at [/Volumes/Android_AOSP/AOSP-openjdk/external/jetbrains/jdk/hotspot/src/share/vm/classfile/systemDictionary.cpp, line 210]
Event: 4.095 Thread 0x00007fc2adebf000 Exception <a 'java/lang/ClassNotFoundException': org/gradle/initialization/DefaultSettingsCustomizer> (0x00000007a0852b00) thrown at [/Volumes/Android_AOSP/AOSP-openjdk/external/jetbrains/jdk/hotspot/src/share/vm/classfile/systemDictionary.cpp, line 210]
Event: 4.096 Thread 0x00007fc2adebf000 Exception <a 'java/lang/ClassNotFoundException': org/gradle/initialization/DefaultSettings_DecoratedCustomizer> (0x00000007a0879900) thrown at [/Volumes/Android_AOSP/AOSP-openjdk/external/jetbrains/jdk/hotspot/src/share/vm/classfile/systemDictionary.cpp, 
Event: 4.233 Thread 0x00007fc2adebf000 Implicit null exception at 0x000000011909b435 to 0x000000011909b669
Event: 4.437 Thread 0x00007fc2adebf000 Implicit null exception at 0x0000000118fd3f7b to 0x0000000118fd4599

Events (10 events):
Event: 4.582 loading class org/apache/commons/lang/builder/HashCodeBuilder done
Event: 4.585 loading class java/lang/InternalError
Event: 4.585 loading class java/lang/InternalError done
Event: 4.586 loading class org/apache/commons/lang/builder/EqualsBuilder
Event: 4.586 loading class org/apache/commons/lang/builder/EqualsBuilder done
Event: 4.587 loading class com/google/common/collect/ImmutableListMultimap
Event: 4.587 loading class com/google/common/collect/ImmutableListMultimap done
Event: 4.588 loading class com/google/common/collect/ImmutableMultimap
Event: 4.588 loading class com/google/common/collect/ImmutableMultimap done
Event: 4.590 Executing VM operation: CollectForMetadataAllocation


Dynamic libraries:
0x000000002c248000 	/System/Library/Frameworks/Cocoa.framework/Versions/A/Cocoa
0x000000002c248000 	/System/Library/Frameworks/Security.framework/Versions/A/Security
0x000000002c248000 	/System/Library/Frameworks/ApplicationServices.framework/Versions/A/ApplicationServices
0x000000002c248000 	/usr/lib/libz.1.dylib
0x000000002c248000 	/usr/lib/libSystem.B.dylib
0x000000002c248000 	/usr/lib/libobjc.A.dylib
0x000000002c248000 	/System/Library/Frameworks/Foundation.framework/Versions/C/Foundation
0x000000002c248000 	/System/Library/Frameworks/CoreFoundation.framework/Versions/A/CoreFoundation
0x000000002c248000 	/System/Library/Frameworks/AppKit.framework/Versions/C/AppKit
0x000000002c248000 	/System/Library/Frameworks/CoreData.framework/Versions/A/CoreData
0x000000002c248000 	/System/Library/PrivateFrameworks/RemoteViewServices.framework/Versions/A/RemoteViewServices
0x000000002c248000 	/System/Library/PrivateFrameworks/UIFoundation.framework/Versions/A/UIFoundation
0x000000002c248000 	/System/Library/PrivateFrameworks/DFRFoundation.framework/Versions/A/DFRFoundation
0x000000002c248000 	/usr/lib/libenergytrace.dylib
0x000000002c248000 	/System/Library/PrivateFrameworks/SkyLight.framework/Versions/A/SkyLight
0x000000002c248000 	/System/Library/Frameworks/CoreGraphics.framework/Versions/A/CoreGraphics
0x000000002c248000 	/usr/lib/libScreenReader.dylib
0x000000002c248000 	/System/Library/Frameworks/Accelerate.framework/Versions/A/Accelerate
0x000000002c248000 	/System/Library/Frameworks/IOSurface.framework/Versions/A/IOSurface
0x000000002c248000 	/System/Library/Frameworks/AudioToolbox.framework/Versions/A/AudioToolbox
0x000000002c248000 	/System/Library/Frameworks/AudioUnit.framework/Versions/A/AudioUnit
0x000000002c248000 	/System/Library/PrivateFrameworks/DataDetectorsCore.framework/Versions/A/DataDetectorsCore
0x000000002c248000 	/System/Library/PrivateFrameworks/DesktopServicesPriv.framework/Versions/A/DesktopServicesPriv
0x000000002c248000 	/System/Library/Frameworks/Carbon.framework/Versions/A/Frameworks/HIToolbox.framework/Versions/A/HIToolbox
0x000000002c248000 	/usr/lib/libicucore.A.dylib
0x000000002c248000 	/System/Library/Frameworks/QuartzCore.framework/Versions/A/QuartzCore
0x000000002c248000 	/System/Library/Frameworks/Carbon.framework/Versions/A/Frameworks/SpeechRecognition.framework/Versions/A/SpeechRecognition
0x000000002c248000 	/usr/lib/libauto.dylib
0x000000002c248000 	/usr/lib/libxml2.2.dylib
0x000000002c248000 	/System/Library/PrivateFrameworks/CoreUI.framework/Versions/A/CoreUI
0x000000002c248000 	/System/Library/Frameworks/CoreAudio.framework/Versions/A/CoreAudio
0x000000002c248000 	/System/Library/Frameworks/DiskArbitration.framework/Versions/A/DiskArbitration
0x000000002c248000 	/usr/lib/liblangid.dylib
0x000000002c248000 	/System/Library/PrivateFrameworks/MultitouchSupport.framework/Versions/A/MultitouchSupport
0x000000002c248000 	/System/Library/Frameworks/IOKit.framework/Versions/A/IOKit
0x000000002c248000 	/usr/lib/libDiagnosticMessagesClient.dylib
0x000000002c248000 	/System/Library/Frameworks/CoreServices.framework/Versions/A/CoreServices
0x000000002c248000 	/System/Library/PrivateFrameworks/PerformanceAnalysis.framework/Versions/A/PerformanceAnalysis
0x000000002c248000 	/System/Library/PrivateFrameworks/GenerationalStorage.framework/Versions/A/GenerationalStorage
0x000000002c248000 	/System/Library/Frameworks/OpenGL.framework/Versions/A/OpenGL
0x000000002c248000 	/System/Library/Frameworks/CoreImage.framework/Versions/A/CoreImage
0x000000002c248000 	/System/Library/Frameworks/CoreText.framework/Versions/A/CoreText
0x000000002c248000 	/System/Library/Frameworks/ImageIO.framework/Versions/A/ImageIO
0x000000002c248000 	/System/Library/PrivateFrameworks/Backup.framework/Versions/A/Backup
0x000000002c248000 	/usr/lib/libarchive.2.dylib
0x000000002c248000 	/System/Library/Frameworks/CFNetwork.framework/Versions/A/CFNetwork
0x000000002c248000 	/System/Library/Frameworks/SystemConfiguration.framework/Versions/A/SystemConfiguration
0x000000002c248000 	/usr/lib/libCRFSuite.dylib
0x000000002c248000 	/usr/lib/libc++.1.dylib
0x000000002c248000 	/usr/lib/libc++abi.dylib
0x000000002c248000 	/usr/lib/system/libcache.dylib
0x000000002c248000 	/usr/lib/system/libcommonCrypto.dylib
0x000000002c248000 	/usr/lib/system/libcompiler_rt.dylib
0x000000002c248000 	/usr/lib/system/libcopyfile.dylib
0x000000002c248000 	/usr/lib/system/libcorecrypto.dylib
0x000000002c248000 	/usr/lib/system/libdispatch.dylib
0x000000002c248000 	/usr/lib/system/libdyld.dylib
0x000000002c248000 	/usr/lib/system/libkeymgr.dylib
0x000000002c248000 	/usr/lib/system/liblaunch.dylib
0x000000002c248000 	/usr/lib/system/libmacho.dylib
0x000000002c248000 	/usr/lib/system/libquarantine.dylib
0x000000002c248000 	/usr/lib/system/libremovefile.dylib
0x000000002c248000 	/usr/lib/system/libsystem_asl.dylib
0x000000002c248000 	/usr/lib/system/libsystem_blocks.dylib
0x000000002c248000 	/usr/lib/system/libsystem_c.dylib
0x000000002c248000 	/usr/lib/system/libsystem_configuration.dylib
0x000000002c248000 	/usr/lib/system/libsystem_coreservices.dylib
0x000000002c248000 	/usr/lib/system/libsystem_coretls.dylib
0x000000002c248000 	/usr/lib/system/libsystem_dnssd.dylib
0x000000002c248000 	/usr/lib/system/libsystem_info.dylib
0x000000002c248000 	/usr/lib/system/libsystem_kernel.dylib
0x000000002c248000 	/usr/lib/system/libsystem_m.dylib
0x000000002c248000 	/usr/lib/system/libsystem_malloc.dylib
0x000000002c248000 	/usr/lib/system/libsystem_network.dylib
0x000000002c248000 	/usr/lib/system/libsystem_networkextension.dylib
0x000000002c248000 	/usr/lib/system/libsystem_notify.dylib
0x000000002c248000 	/usr/lib/system/libsystem_platform.dylib
0x000000002c248000 	/usr/lib/system/libsystem_pthread.dylib
0x000000002c248000 	/usr/lib/system/libsystem_sandbox.dylib
0x000000002c248000 	/usr/lib/system/libsystem_secinit.dylib
0x000000002c248000 	/usr/lib/system/libsystem_symptoms.dylib
0x000000002c248000 	/usr/lib/system/libsystem_trace.dylib
0x000000002c248000 	/usr/lib/system/libunwind.dylib
0x000000002c248000 	/usr/lib/system/libxpc.dylib
0x000000002c248000 	/usr/lib/libbsm.0.dylib
0x000000002c248000 	/usr/lib/system/libkxld.dylib
0x000000002c248000 	/usr/lib/libcoretls.dylib
0x000000002c248000 	/usr/lib/libcoretls_cfhelpers.dylib
0x000000002c248000 	/usr/lib/libxar.1.dylib
0x000000002c248000 	/usr/lib/libsqlite3.dylib
0x000000002c248000 	/usr/lib/libpam.2.dylib
0x000000002c248000 	/usr/lib/libOpenScriptingUtil.dylib
0x000000002c248000 	/usr/lib/libbz2.1.0.dylib
0x000000002c248000 	/usr/lib/liblzma.5.dylib
0x000000002c248000 	/usr/lib/libnetwork.dylib
0x000000002c248000 	/usr/lib/libpcap.A.dylib
0x000000002c248000 	/System/Library/Frameworks/CoreServices.framework/Versions/A/Frameworks/FSEvents.framework/Versions/A/FSEvents
0x000000002c248000 	/System/Library/Frameworks/CoreServices.framework/Versions/A/Frameworks/CarbonCore.framework/Versions/A/CarbonCore
0x000000002c248000 	/System/Library/Frameworks/CoreServices.framework/Versions/A/Frameworks/Metadata.framework/Versions/A/Metadata
0x000000002c248000 	/System/Library/Frameworks/CoreServices.framework/Versions/A/Frameworks/OSServices.framework/Versions/A/OSServices
0x000000002c248000 	/System/Library/Frameworks/CoreServices.framework/Versions/A/Frameworks/SearchKit.framework/Versions/A/SearchKit
0x000000002c248000 	/System/Library/Frameworks/CoreServices.framework/Versions/A/Frameworks/AE.framework/Versions/A/AE
0x000000002c248000 	/System/Library/Frameworks/CoreServices.framework/Versions/A/Frameworks/LaunchServices.framework/Versions/A/LaunchServices
0x000000002c248000 	/System/Library/Frameworks/CoreServices.framework/Versions/A/Frameworks/DictionaryServices.framework/Versions/A/DictionaryServices
0x000000002c248000 	/System/Library/Frameworks/CoreServices.framework/Versions/A/Frameworks/SharedFileList.framework/Versions/A/SharedFileList
0x000000002c248000 	/System/Library/Frameworks/NetFS.framework/Versions/A/NetFS
0x000000002c248000 	/System/Library/PrivateFrameworks/NetAuth.framework/Versions/A/NetAuth
0x000000002c248000 	/System/Library/PrivateFrameworks/login.framework/Versions/A/Frameworks/loginsupport.framework/Versions/A/loginsupport
0x000000002c248000 	/System/Library/PrivateFrameworks/TCC.framework/Versions/A/TCC
0x000000002c248000 	/usr/lib/libmecabra.dylib
0x000000002c248000 	/System/Library/Frameworks/ApplicationServices.framework/Versions/A/Frameworks/ATS.framework/Versions/A/ATS
0x000000002c248000 	/System/Library/Frameworks/ApplicationServices.framework/Versions/A/Frameworks/ColorSync.framework/Versions/A/ColorSync
0x000000002c248000 	/System/Library/Frameworks/ApplicationServices.framework/Versions/A/Frameworks/HIServices.framework/Versions/A/HIServices
0x000000002c248000 	/System/Library/Frameworks/ApplicationServices.framework/Versions/A/Frameworks/LangAnalysis.framework/Versions/A/LangAnalysis
0x000000002c248000 	/System/Library/Frameworks/ApplicationServices.framework/Versions/A/Frameworks/PrintCore.framework/Versions/A/PrintCore
0x000000002c248000 	/System/Library/Frameworks/ApplicationServices.framework/Versions/A/Frameworks/QD.framework/Versions/A/QD
0x000000002c248000 	/System/Library/Frameworks/ApplicationServices.framework/Versions/A/Frameworks/SpeechSynthesis.framework/Versions/A/SpeechSynthesis
0x000000002c248000 	/System/Library/Frameworks/Accelerate.framework/Versions/A/Frameworks/vImage.framework/Versions/A/vImage
0x000000002c248000 	/System/Library/Frameworks/Accelerate.framework/Versions/A/Frameworks/vecLib.framework/Versions/A/vecLib
0x000000002c248000 	/System/Library/Frameworks/Accelerate.framework/Versions/A/Frameworks/vecLib.framework/Versions/A/libvDSP.dylib
0x000000002c248000 	/System/Library/Frameworks/Accelerate.framework/Versions/A/Frameworks/vecLib.framework/Versions/A/libBNNS.dylib
0x000000002c248000 	/System/Library/Frameworks/Accelerate.framework/Versions/A/Frameworks/vecLib.framework/Versions/A/libQuadrature.dylib
0x000000002c248000 	/System/Library/Frameworks/Accelerate.framework/Versions/A/Frameworks/vecLib.framework/Versions/A/libvMisc.dylib
0x000000002c248000 	/System/Library/Frameworks/Accelerate.framework/Versions/A/Frameworks/vecLib.framework/Versions/A/libLAPACK.dylib
0x000000002c248000 	/System/Library/Frameworks/Accelerate.framework/Versions/A/Frameworks/vecLib.framework/Versions/A/libBLAS.dylib
0x000000002c248000 	/System/Library/Frameworks/Accelerate.framework/Versions/A/Frameworks/vecLib.framework/Versions/A/libLinearAlgebra.dylib
0x000000002c248000 	/System/Library/Frameworks/Accelerate.framework/Versions/A/Frameworks/vecLib.framework/Versions/A/libSparseBLAS.dylib
0x000000002c248000 	/System/Library/Frameworks/ApplicationServices.framework/Versions/A/Frameworks/ATS.framework/Versions/A/Resources/libFontParser.dylib
0x000000002c248000 	/System/Library/Frameworks/ApplicationServices.framework/Versions/A/Frameworks/ATS.framework/Versions/A/Resources/libFontRegistry.dylib
0x000000002c248000 	/System/Library/Frameworks/ImageIO.framework/Versions/A/Resources/libJPEG.dylib
0x000000002c248000 	/System/Library/Frameworks/ImageIO.framework/Versions/A/Resources/libTIFF.dylib
0x000000002c248000 	/System/Library/Frameworks/ImageIO.framework/Versions/A/Resources/libPng.dylib
0x000000002c248000 	/System/Library/Frameworks/ImageIO.framework/Versions/A/Resources/libGIF.dylib
0x000000002c248000 	/System/Library/Frameworks/ImageIO.framework/Versions/A/Resources/libJP2.dylib
0x000000002c248000 	/System/Library/Frameworks/ImageIO.framework/Versions/A/Resources/libRadiance.dylib
0x000000002c248000 	/usr/lib/libcompression.dylib
0x000000002c248000 	/System/Library/PrivateFrameworks/AppleJPEG.framework/Versions/A/AppleJPEG
0x000000002c248000 	/usr/lib/libcups.2.dylib
0x000000002c248000 	/System/Library/Frameworks/Kerberos.framework/Versions/A/Kerberos
0x000000002c248000 	/System/Library/Frameworks/GSS.framework/Versions/A/GSS
0x000000002c248000 	/usr/lib/libresolv.9.dylib
0x000000002c248000 	/usr/lib/libiconv.2.dylib
0x000000002c248000 	/System/Library/PrivateFrameworks/Heimdal.framework/Versions/A/Heimdal
0x000000002c248000 	/usr/lib/libheimdal-asn1.dylib
0x000000002c248000 	/System/Library/Frameworks/OpenDirectory.framework/Versions/A/OpenDirectory
0x000000002c248000 	/System/Library/PrivateFrameworks/CommonAuth.framework/Versions/A/CommonAuth
0x000000002c248000 	/System/Library/Frameworks/OpenDirectory.framework/Versions/A/Frameworks/CFOpenDirectory.framework/Versions/A/CFOpenDirectory
0x000000002c248000 	/System/Library/Frameworks/SecurityFoundation.framework/Versions/A/SecurityFoundation
0x000000002c248000 	/System/Library/PrivateFrameworks/LanguageModeling.framework/Versions/A/LanguageModeling
0x000000002c248000 	/usr/lib/libmarisa.dylib
0x000000002c248000 	/usr/lib/libChineseTokenizer.dylib
0x000000002c248000 	/usr/lib/libcmph.dylib
0x000000002c248000 	/System/Library/PrivateFrameworks/CoreEmoji.framework/Versions/A/CoreEmoji
0x000000002c248000 	/System/Library/Frameworks/ServiceManagement.framework/Versions/A/ServiceManagement
0x000000002c248000 	/usr/lib/libxslt.1.dylib
0x000000002c248000 	/System/Library/Frameworks/Carbon.framework/Versions/A/Frameworks/Ink.framework/Versions/A/Ink
0x000000002c248000 	/System/Library/PrivateFrameworks/TextureIO.framework/Versions/A/TextureIO
0x000000002c248000 	/System/Library/Frameworks/Metal.framework/Versions/A/Metal
0x000000002c248000 	/usr/lib/libate.dylib
0x000000002c248000 	/System/Library/PrivateFrameworks/GPUCompiler.framework/libmetal_timestamp.dylib
0x000000002c248000 	/System/Library/Frameworks/OpenGL.framework/Versions/A/Libraries/libCoreFSCache.dylib
0x000000002c248000 	/System/Library/PrivateFrameworks/IOAccelerator.framework/Versions/A/IOAccelerator
0x000000002c248000 	/System/Library/Frameworks/CoreVideo.framework/Versions/A/CoreVideo
0x000000002c248000 	/usr/lib/libFosl_dynamic.dylib
0x000000002c248000 	/System/Library/PrivateFrameworks/MetalPerformanceShaders.framework/Versions/A/MetalPerformanceShaders
0x000000002c248000 	/System/Library/PrivateFrameworks/FaceCore.framework/Versions/A/FaceCore
0x000000002c248000 	/System/Library/Frameworks/OpenCL.framework/Versions/A/OpenCL
0x000000002c248000 	/System/Library/Frameworks/OpenGL.framework/Versions/A/Libraries/libGLU.dylib
0x000000002c248000 	/System/Library/Frameworks/OpenGL.framework/Versions/A/Libraries/libGFXShared.dylib
0x000000002c248000 	/System/Library/Frameworks/OpenGL.framework/Versions/A/Libraries/libGL.dylib
0x000000002c248000 	/System/Library/Frameworks/OpenGL.framework/Versions/A/Libraries/libGLImage.dylib
0x000000002c248000 	/System/Library/Frameworks/OpenGL.framework/Versions/A/Libraries/libCVMSPluginSupport.dylib
0x000000002c248000 	/System/Library/Frameworks/OpenGL.framework/Versions/A/Libraries/libCoreVMClient.dylib
0x000000002c248000 	/System/Library/PrivateFrameworks/CrashReporterSupport.framework/Versions/A/CrashReporterSupport
0x000000002c248000 	/System/Library/PrivateFrameworks/Sharing.framework/Versions/A/Sharing
0x000000002c248000 	/System/Library/PrivateFrameworks/IconServices.framework/Versions/A/IconServices
0x000000002c248000 	/System/Library/PrivateFrameworks/ProtocolBuffer.framework/Versions/A/ProtocolBuffer
0x000000002c248000 	/System/Library/PrivateFrameworks/Apple80211.framework/Versions/A/Apple80211
0x000000002c248000 	/System/Library/Frameworks/CoreWLAN.framework/Versions/A/CoreWLAN
0x000000002c248000 	/System/Library/PrivateFrameworks/CoreUtils.framework/Versions/A/CoreUtils
0x000000002c248000 	/System/Library/Frameworks/IOBluetooth.framework/Versions/A/IOBluetooth
0x000000002c248000 	/System/Library/PrivateFrameworks/CoreWiFi.framework/Versions/A/CoreWiFi
0x000000002c248000 	/System/Library/Frameworks/CoreBluetooth.framework/Versions/A/CoreBluetooth
0x000000002c248000 	/System/Library/Frameworks/CoreDisplay.framework/Versions/A/CoreDisplay
0x000000002c248000 	/System/Library/PrivateFrameworks/IOPresentment.framework/Versions/A/IOPresentment
0x000000002c248000 	/System/Library/PrivateFrameworks/DebugSymbols.framework/Versions/A/DebugSymbols
0x000000002c248000 	/System/Library/PrivateFrameworks/CoreSymbolication.framework/Versions/A/CoreSymbolication
0x000000002c248000 	/System/Library/PrivateFrameworks/Symbolication.framework/Versions/A/Symbolication
0x000000002c248000 	/System/Library/PrivateFrameworks/AppleFSCompression.framework/Versions/A/AppleFSCompression
0x000000002c248000 	/System/Library/PrivateFrameworks/SpeechRecognitionCore.framework/Versions/A/SpeechRecognitionCore
0x000000002c248000 	/System/Library/PrivateFrameworks/ChunkingLibrary.framework/Versions/A/ChunkingLibrary
0x000000010aa4b000 	/System/Library/CoreServices/Encodings/libSimplifiedChineseConverter.dylib
0x000000010b400000 	/Applications/Android Studio.app/Contents/jre/jdk/Contents/Home/jre/lib/server/libjvm.dylib
0x000000002c248000 	/usr/lib/libstdc++.6.dylib
0x000000010aa8f000 	/Applications/Android Studio.app/Contents/jre/jdk/Contents/Home/jre/lib/libverify.dylib
0x000000010aa9c000 	/Applications/Android Studio.app/Contents/jre/jdk/Contents/Home/jre/lib/libjava.dylib
0x000000010aadb000 	/Applications/Android Studio.app/Contents/jre/jdk/Contents/Home/jre/lib/libzip.dylib
0x0000000111482000 	/System/Library/Frameworks/JavaVM.framework/Frameworks/JavaRuntimeSupport.framework/JavaRuntimeSupport
0x000000011149c000 	/System/Library/Frameworks/JavaVM.framework/Versions/A/Frameworks/JavaNativeFoundation.framework/Versions/A/JavaNativeFoundation
0x00000001114b1000 	/System/Library/Frameworks/JavaVM.framework/Versions/A/JavaVM
0x000000002c248000 	/System/Library/Frameworks/Carbon.framework/Versions/A/Carbon
0x00000001114be000 	/System/Library/PrivateFrameworks/JavaLaunching.framework/Versions/A/JavaLaunching
0x000000002c248000 	/System/Library/Frameworks/Carbon.framework/Versions/A/Frameworks/CommonPanels.framework/Versions/A/CommonPanels
0x000000002c248000 	/System/Library/Frameworks/Carbon.framework/Versions/A/Frameworks/Help.framework/Versions/A/Help
0x000000002c248000 	/System/Library/Frameworks/Carbon.framework/Versions/A/Frameworks/ImageCapture.framework/Versions/A/ImageCapture
0x000000002c248000 	/System/Library/Frameworks/Carbon.framework/Versions/A/Frameworks/OpenScripting.framework/Versions/A/OpenScripting
0x000000002c248000 	/System/Library/Frameworks/Carbon.framework/Versions/A/Frameworks/Print.framework/Versions/A/Print
0x000000002c248000 	/System/Library/Frameworks/Carbon.framework/Versions/A/Frameworks/SecurityHI.framework/Versions/A/SecurityHI
0x00000001131c9000 	/Applications/Android Studio.app/Contents/jre/jdk/Contents/Home/jre/lib/libnet.dylib
0x0000000113228000 	/Applications/Android Studio.app/Contents/jre/jdk/Contents/Home/jre/lib/libnio.dylib
0x0000000113238000 	/Users/smap_hui/.gradle/native/19/osx-amd64/libnative-platform.dylib
0x00000001130ea000 	/Applications/Android Studio.app/Contents/jre/jdk/Contents/Home/jre/lib/libmanagement.dylib

VM Arguments:
jvm_args: -Xmx1536m -Dfile.encoding=UTF-8 -Duser.country=CN -Duser.language=zh -Duser.variant 
java_command: org.gradle.launcher.daemon.bootstrap.GradleDaemon 2.14.1
java_class_path (initial): /Applications/Android Studio.app/Contents/gradle/gradle-2.14.1/lib/gradle-launcher-2.14.1.jar
Launcher Type: SUN_STANDARD

Environment Variables:
PATH=/usr/bin:/bin:/usr/sbin:/sbin
SHELL=/bin/bash
DISPLAY=/private/tmp/com.apple.launchd.hWGLFiM7Cb/org.macosforge.xquartz:0

Signal Handlers:
SIGSEGV: [libjvm.dylib+0x57e9cd], sa_mask[0]=11111111011111110111111111111111, sa_flags=SA_ONSTACK|SA_RESTART|SA_SIGINFO
SIGBUS: [libjvm.dylib+0x57e9cd], sa_mask[0]=11111111011111110111111111111111, sa_flags=SA_RESTART|SA_SIGINFO
SIGFPE: [libjvm.dylib+0x45951c], sa_mask[0]=11111111011111110111111111111111, sa_flags=SA_RESTART|SA_SIGINFO
SIGPIPE: [libjvm.dylib+0x45951c], sa_mask[0]=11111111011111110111111111111111, sa_flags=SA_RESTART|SA_SIGINFO
SIGXFSZ: [libjvm.dylib+0x45951c], sa_mask[0]=11111111011111110111111111111111, sa_flags=SA_RESTART|SA_SIGINFO
SIGILL: [libjvm.dylib+0x45951c], sa_mask[0]=11111111011111110111111111111111, sa_flags=SA_RESTART|SA_SIGINFO
SIGUSR1: SIG_DFL, sa_mask[0]=00000000000000000000000000000000, sa_flags=none
SIGUSR2: [libjvm.dylib+0x45903a], sa_mask[0]=00100000000000000000000000000000, sa_flags=SA_RESTART|SA_SIGINFO
SIGHUP: [libjvm.dylib+0x457611], sa_mask[0]=11111111011111110111111111111111, sa_flags=SA_RESTART|SA_SIGINFO
SIGINT: [libjvm.dylib+0x457611], sa_mask[0]=11111111011111110111111111111111, sa_flags=SA_RESTART|SA_SIGINFO
SIGTERM: [libjvm.dylib+0x457611], sa_mask[0]=11111111011111110111111111111111, sa_flags=SA_RESTART|SA_SIGINFO
SIGQUIT: [libjvm.dylib+0x457611], sa_mask[0]=11111111011111110111111111111111, sa_flags=SA_RESTART|SA_SIGINFO


---------------  S Y S T E M  ---------------

OS:Bsduname:Darwin 16.4.0 Darwin Kernel Version 16.4.0: Thu Dec 22 22:53:21 PST 2016; root:xnu-3789.41.3~3/RELEASE_X86_64 x86_64
rlimit: STACK 8192k, CORE 0k, NPROC 709, NOFILE 10240, AS infinity
load average:1.89 1.96 1.77

CPU:total 4 (2 cores per cpu, 2 threads per core) family 6 model 69 stepping 1, cmov, cx8, fxsr, mmx, sse, sse2, sse3, ssse3, sse4.1, sse4.2, popcnt, avx, avx2, aes, clmul, erms, lzcnt, ht, tsc, tscinvbit, bmi1, bmi2

Memory: 4k page, physical 8388608k(21712k free)

/proc/meminfo:


vm_info: OpenJDK 64-Bit Server VM (25.112-b05) for bsd-amd64 JRE (1.8.0_112-release-b05), built on Sep 26 2016 14:04:06 by "builder" with gcc 4.2.1 (Based on Apple Inc. build 5658) (LLVM build 2336.11.00)

time: Sat Mar 18 22:15:03 2017
elapsed time: 4 seconds (0d 0h 0m 4s)

